Arguments: 
  C:\Program Files\nodejs\node.exe C:\Program Files (x86)\Yarn\bin\yarn.js publish

PATH: 
  C:\Program Files\Python39\Scripts\;C:\Program Files\Python39\;C:\Program Files\Common Files\Oracle\Java\javapath;C:\Program Files (x86)\Common Files\Oracle\Java\javapath;C:\Windows\system32;C:\Windows;C:\Windows\System32\Wbem;C:\Windows\System32\WindowsPowerShell\v1.0\;C:\Windows\System32\OpenSSH\;C:\Program Files (x86)\Yarn\bin\;C:\Program Files\PuTTY\;C:\Program Files\Git\cmd;D:\Software\Windows\mongodb-win32-x86_64-windows-4.4.6\bin;D:\Cloudflare;C:\Program Files\nodejs\;C:\Users\Wesley Ford\AppData\Local\Microsoft\WindowsApps;C:\Users\Wesley Ford\AppData\Local\GitHubDesktop\bin;C:\Users\Wesley Ford\AppData\Local\Programs\Microsoft VS Code\bin;C:\Users\Wesley Ford\AppData\Local\Yarn\bin;C:\MinGW\bin;C:\Program Files\Python39\;D:\Software\Windows\mongodb-win32-x86_64-windows-4.4.6\bin;D:\Cloudflare;C:\Program Files\heroku\bin;C:\Users\Wesley Ford\AppData\Roaming\npm

Yarn version: 
  1.22.5

Node version: 
  16.13.1

Platform: 
  win32 x64

Trace: 
  Error: canceled
      at Interface.<anonymous> (C:\Program Files (x86)\Yarn\lib\cli.js:137009:13)
      at Interface.emit (node:events:390:28)
      at Interface._ttyWrite (node:readline:1081:16)
      at ReadStream.onkeypress (node:readline:288:10)
      at ReadStream.emit (node:events:390:28)
      at emitKeys (node:internal/readline/utils:358:14)
      at emitKeys.next (<anonymous>)
      at ReadStream.onData (node:internal/readline/emitKeypressEvents:61:36)
      at ReadStream.emit (node:events:390:28)
      at addChunk (node:internal/streams/readable:315:12)

npm manifest: 
  {
    "name": "analyst.js",
    "version": "1.0.0",
    "description": "AnalystJs is a node package that helps developers use the analyst api",
    "keywords": ["Analyst", "API", "node", "yarn", "stocks", "ml"],
    "main": "main.js",
    "repository": "https://github.com/ntohq-developers/analystjs.git",
    "author": "ntohq-developers <github@ntohq.dev> ntohq.com",
    "contributors": [
        "ntohq  <wesleyford@ntohq.dev> ntohq.dev",
        "Sergix <hello@sergix.dev> sergix.dev"
     ],
     "files": ["index.js", "lib/*.js"],
    "license": "MIT"
  }

yarn manifest: 
  No manifest

Lockfile: 
  # THIS IS AN AUTOGENERATED FILE. DO NOT EDIT THIS FILE DIRECTLY.
  # yarn lockfile v1
